26
-999988099 984029124
-999975111 -238673074
-999916447 -772407690
-999575777 -929403535
-998614995 -970978119
-997292128 -981592786
-995425332 -994442854
-988755112 -997908685
-971956188 -999996603
173537919 -999993699
999588104 -999912099
999774033 -938538693
999805620 -798347142
999938284 106331339
999951473 510089053
999948936 632693026
999926971 753202720
998504450 987858650
996831468 996815313
964630274 999802332
837513423 999932529
-513767824 999982013
-748892872 999773155
-921173490 998974870
-988802500 996873138
-991158652 995026928
